<?xml version="1.0" encoding="UTF-8" ?>
<testsuite failures="0" time="0.057" errors="0" skipped="0" tests="18" name="org.roman.NumeralsRomansTest">
  <properties>
[...]
</properties>
  <testcase time="0.005" classname="org.roman.NumeralsRomansTest" name="should_convert_1_to_roman"/>
  <testcase time="0" classname="org.roman.NumeralsRomansTest" name="should_convert_5_to_roman"/>
  <testcase time="0" classname="org.roman.NumeralsRomansTest" name="should_convert_9_to_roman"/>
  <testcase time="0" classname="org.roman.NumeralsRomansTest" name="should_convert_10_to_roman"/>
  <testcase time="0" classname="org.roman.NumeralsRomansTest" name="should_convert_50_to_roman"/>
  <testcase time="0" classname="org.roman.NumeralsRomansTest" name="should_convert_63_to_roman"/>
  <testcase time="0" classname="org.roman.NumeralsRomansTest" name="should_convert_100_to_roman"/>
  <testcase time="0" classname="org.roman.NumeralsRomansTest" name="should_convert_448_to_roman"/>
  <testcase time="0" classname="org.roman.NumeralsRomansTest" name="should_convert_500_to_roman"/>
  <testcase time="0" classname="org.roman.NumeralsRomansTest" name="should_convert_1000_to_roman"/>
  <testcase time="0" classname="org.roman.NumeralsRomansTest" name="should_convert_1944_to_roman"/>
  <testcase time="0.001" classname="org.roman.NumeralsRomansTest" name="should_convert_2008_to_roman"/>
  <testcase time="0" classname="org.roman.NumeralsRomansTest" name="should_convert_2751_to_roman"/>
  <testcase time="0" classname="org.roman.NumeralsRomansTest" name="should_throw_exception_convert_negative"/>
  <testcase time="0" classname="org.roman.NumeralsRomansTest" name="should_throw_exception_convert_zero"/>
  <testcase time="0" classname="org.roman.NumeralsRomansTest" name="should_throw_exception_convert_larger_than_4000"/>
  <testcase time="0" classname="org.roman.NumeralsRomansTest" name="should_throw_exception_pass_inconrrect_strategy"/>
  <testcase time="0" classname="org.roman.NumeralsRomansTest" name="should_convert_with_correct_strategy"/>
</testsuite>